  INFO root [0x00009c04] [2018-02-03 18:30:36,999] - 
  INFO root [0x00009c04] [2018-02-03 18:30:37,059] - -----------------------------------------------------------------------------------------


  INFO root [0x00009c04] [2018-02-03 18:30:37,060] - Resmgr::initialize: KBE_ROOT=E:/Ambicour/DeepSpace/ServerAssets/
  INFO root [0x00009c04] [2018-02-03 18:30:37,060] - Resmgr::initialize: KBE_RES_PATH=E:/Ambicour/DeepSpace/ServerAssets/kbe/res/;E:/Ambicour/DeepSpace/ServerAssets/assets/;E:/Ambicour/DeepSpace/ServerAssets/assets/scripts/;E:/Ambicour/DeepSpace/ServerAssets/assets/res/
  INFO root [0x00009c04] [2018-02-03 18:30:37,061] - Resmgr::initialize: KBE_BIN_PATH=E:/Ambicour/DeepSpace/ServerAssets/kbe/bin/server/
  INFO root [0x00009c04] [2018-02-03 18:30:37,212] - NetworkInterface::initialize(EXTERNAL): bound to all interfaces with default route interface on 192.168.8.230 ( 192.168.8.230:20015 )
  INFO root [0x00009c04] [2018-02-03 18:30:37,213] - NetworkInterface::initialize(EXTERNAL): address 192.168.8.230:20015, SOMAXCONN=128.
  INFO root [0x00009c04] [2018-02-03 18:30:37,219] - NetworkInterface::initialize(INTERNAL): bound to all interfaces with default route interface on 192.168.8.230 ( 192.168.8.230:63040 )
  INFO root [0x00009c04] [2018-02-03 18:30:37,219] - NetworkInterface::initialize(INTERNAL): address 192.168.8.230:63040, SOMAXCONN=128.
  INFO root [0x00009c04] [2018-02-03 18:30:37,219] - server-configs:
  INFO root [0x00009c04] [2018-02-03 18:30:37,219] - 	gameUpdateHertz : 10
  INFO root [0x00009c04] [2018-02-03 18:30:37,219] - 	entryScriptFile : kbemain
  INFO root [0x00009c04] [2018-02-03 18:30:37,219] - 	internalAddr : 192.168.8.230:63040
  INFO root [0x00009c04] [2018-02-03 18:30:37,219] - 	externalAddr : 192.168.8.230:20015
  INFO root [0x00009c04] [2018-02-03 18:30:37,219] - 	componentID : 7001
  INFO root [0x00009c04] [2018-02-03 18:30:39,021] - ---- baseapp Version: 1.1.0. ScriptVersion: 0.1.0. Protocol: 64744632EDB365D6F83F258B679903A8. Config: Debug X86. Built: 18:08:22 Feb  2 2018. AppID: 7001. UID: 10103. PID: 25060 ----
  INFO root [0x00009c04] [2018-02-03 18:30:39,043] - Server : Intel(R) Core(TM) i5-6300HQ CPU @ 2.30GHz with 2097151kB RAM
  INFO root [0x00009c04] [2018-02-03 18:30:39,045] - ThreadPool::createThreadPool: creating  threadpool...
  INFO root [0x00009c04] [2018-02-03 18:30:39,045] - ThreadPool::createThreadPool: successfully(2), newThreadCount=1, normalMaxThreadCount=2, maxThreadCount=8
 DEBUG root [0x00009c04] [2018-02-03 18:30:39,199] - Script::install_py_dlls(): PyInit_pyexpat
 DEBUG root [0x00009c04] [2018-02-03 18:30:39,199] - Script::install_py_dlls(): PyInit__socket
 DEBUG root [0x00009c04] [2018-02-03 18:30:39,199] - Script::install_py_dlls(): PyInit__ssl
 DEBUG root [0x00009c04] [2018-02-03 18:30:39,203] - Script::install_py_dlls(): PyInit__hashlib
 DEBUG root [0x00009c04] [2018-02-03 18:30:39,203] - Script::install_py_dlls(): PyInit_select
 DEBUG root [0x00009c04] [2018-02-03 18:30:39,204] - Script::install_py_dlls(): PyInit__ctypes
 DEBUG root [0x00009c04] [2018-02-03 18:30:39,204] - Script::install_py_dlls(): PyInit__elementtree
 DEBUG root [0x00009c04] [2018-02-03 18:30:39,249] - Script::install_py_dlls(): PyInit_unicodedata
  INFO root [0x00009c04] [2018-02-03 18:30:39,295] - Script::install(): is successfully, Python=(3.4.2 (default, Feb  2 2018, 18:08:06) [MSC v.1911 32 bit (Intel)])!
  INFO root [0x00009c04] [2018-02-03 18:30:39,295] - Script::install(): KBExtra is successfully!
 DEBUG root [0x00009c04] [2018-02-03 18:30:39,311] - loaded script:Account(1).
 DEBUG root [0x00009c04] [2018-02-03 18:30:39,313] - loaded script:Lobby(2).
 DEBUG root [0x00009c04] [2018-02-03 18:30:39,321] - loaded script:Room(3).
  INFO root [0x00009c04] [2018-02-03 18:30:39,321] - Baseapp::initializeEnd: started resmgr tick(60s)!
  INFO root [0x00009c04] [2018-02-03 18:30:39,342] - TelnetServer server is running on port 40000
  INFO root [0x00009c04] [2018-02-03 18:30:39,921] - ---- baseapp is running ----
 DEBUG root [0x00009c04] [2018-02-03 18:30:39,934] - Components::process(): Request for the process of identity...
  WARN root [0x00009c04] [2018-02-03 18:30:46,405] - EntityApp::checkTickPeriod: tick took 6440% (6.44 seconds)!
  INFO root [0x00009c04] [2018-02-03 18:30:47,518] - Components::findComponents: find logger(1)...
  INFO root [0x00009c04] [2018-02-03 18:30:47,543] - Components::findComponents: found logger, addr:192.168.8.230:63042
  INFO root [0x00009c04] [2018-02-03 18:30:47,544] - Components::addComponent: reset orderLog, uid=10103!
  INFO root [0x00009c04] [2018-02-03 18:30:47,544] - Components::addComponent[logger], uid=10103, componentID=2000, globalorderid=1, grouporderid=1, totalcount=1
  INFO root [0x00009c04] [2018-02-03 18:30:47,545] - Components::findComponents: find dbmgr(2)...
  INFO root [0x00009c04] [2018-02-03 18:30:47,650] - Components::findComponents: found dbmgr, addr:192.168.8.230:63039
  INFO root [0x00009c04] [2018-02-03 18:30:47,651] - Components::addComponent: reset orderLog, uid=10103!
  INFO root [0x00009c04] [2018-02-03 18:30:47,651] - Components::addComponent[dbmgr], uid=10103, componentID=4000, globalorderid=1, grouporderid=1, totalcount=1
  INFO root [0x00009c04] [2018-02-03 18:30:47,651] - Components::findComponents: found dbmgr, addr:192.168.8.230:63039
  WARN root [0x00009c04] [2018-02-03 18:30:48,702] - Forwarding logs to logger[192.168.8.230:63042/0/0/0]...
 ERROR root [0x00009c04] [2018-02-03 18:30:56,824] - Components::removeComponentByChannel: logger : 2000, Abnormal exit! errorno=10054
  INFO root [0x00009c04] [2018-02-03 18:30:56,829] - The following logs sent to logger failed:
  WARN root [0x00009c04] [2018-02-03 18:30:56,861] - ==> [2018-02-03 18:30:56 822] TCPPacketReceiver::processPendingEvents(192.168.8.230:63042): Throwing REASON_GENERAL_NETWORK - WSAECONNRESET
 ERROR root [0x00009c04] [2018-02-03 18:30:56,861] - ==> [2018-02-03 18:30:56 824] Components::removeComponentByChannel: logger : 2000, Abnormal exit! errorno=10054
  WARN root [0x00009c04] [2018-02-03 18:30:56,977] - TCPPacketReceiver::processPendingEvents(192.168.8.230:63039): Throwing REASON_GENERAL_NETWORK - WSAECONNRESET
 ERROR root [0x00009c04] [2018-02-03 18:30:56,980] - Components::removeComponentByChannel: dbmgr : 4000, Abnormal exit! errorno=10054
  INFO root [0x00009c04] [2018-02-03 18:30:57,026] - Shutdowner::onShutdownBegin: shutting down(period=0, tickPeriod=1)
S_INFO root [0x00009c04] [2018-02-03 18:30:57,036] - onBaseAppShutDown: state=0
  INFO root [0x00009c04] [2018-02-03 18:30:57,036] - Shutdowner::onShutdown: shutting down
S_INFO root [0x00009c04] [2018-02-03 18:30:57,036] - onBaseAppShutDown: state=1
  INFO root [0x00009c04] [2018-02-03 18:30:57,037] - Shutdowner::onShutdownEnd: shutting down
S_INFO root [0x00009c04] [2018-02-03 18:30:57,071] - onBaseAppShutDown: state=2
 DEBUG root [0x00009c04] [2018-02-03 18:30:57,147] - Script::uninstall_py_dlls(): PyInit_pyexpat
 DEBUG root [0x00009c04] [2018-02-03 18:30:57,147] - Script::uninstall_py_dlls(): PyInit__socket
 DEBUG root [0x00009c04] [2018-02-03 18:30:57,147] - Script::uninstall_py_dlls(): PyInit__ssl
 DEBUG root [0x00009c04] [2018-02-03 18:30:57,147] - Script::uninstall_py_dlls(): PyInit__hashlib
 DEBUG root [0x00009c04] [2018-02-03 18:30:57,147] - Script::uninstall_py_dlls(): PyInit_select
 DEBUG root [0x00009c04] [2018-02-03 18:30:57,147] - Script::uninstall_py_dlls(): PyInit__ctypes
 DEBUG root [0x00009c04] [2018-02-03 18:30:57,147] - Script::uninstall_py_dlls(): PyInit__elementtree
 DEBUG root [0x00009c04] [2018-02-03 18:30:57,147] - Script::uninstall_py_dlls(): PyInit_unicodedata
  INFO root [0x00009c04] [2018-02-03 18:30:57,159] - Script::uninstall(): is successfully!
 DEBUG root [0x00009c04] [2018-02-03 18:30:57,159] - ThreadPool::destroy(): starting size 2.
  INFO root [0x000021e0] [2018-02-03 18:31:02,127] - 
  INFO root [0x000021e0] [2018-02-03 18:31:02,137] - -----------------------------------------------------------------------------------------


  INFO root [0x000021e0] [2018-02-03 18:31:02,138] - Resmgr::initialize: KBE_ROOT=E:/Ambicour/DeepSpace/ServerAssets/
  INFO root [0x000021e0] [2018-02-03 18:31:02,138] - Resmgr::initialize: KBE_RES_PATH=E:/Ambicour/DeepSpace/ServerAssets/kbe/res/;E:/Ambicour/DeepSpace/ServerAssets/assets/;E:/Ambicour/DeepSpace/ServerAssets/assets/scripts/;E:/Ambicour/DeepSpace/ServerAssets/assets/res/
  INFO root [0x000021e0] [2018-02-03 18:31:02,138] - Resmgr::initialize: KBE_BIN_PATH=E:/Ambicour/DeepSpace/ServerAssets/kbe/bin/server/
  INFO root [0x000021e0] [2018-02-03 18:31:02,142] - NetworkInterface::initialize(EXTERNAL): bound to all interfaces with default route interface on 192.168.8.230 ( 192.168.8.230:20015 )
  INFO root [0x000021e0] [2018-02-03 18:31:02,143] - NetworkInterface::initialize(EXTERNAL): address 192.168.8.230:20015, SOMAXCONN=128.
  INFO root [0x000021e0] [2018-02-03 18:31:02,145] - NetworkInterface::initialize(INTERNAL): bound to all interfaces with default route interface on 192.168.8.230 ( 192.168.8.230:63081 )
  INFO root [0x000021e0] [2018-02-03 18:31:02,145] - NetworkInterface::initialize(INTERNAL): address 192.168.8.230:63081, SOMAXCONN=128.
  INFO root [0x000021e0] [2018-02-03 18:31:02,145] - server-configs:
  INFO root [0x000021e0] [2018-02-03 18:31:02,145] - 	gameUpdateHertz : 10
  INFO root [0x000021e0] [2018-02-03 18:31:02,145] - 	entryScriptFile : kbemain
  INFO root [0x000021e0] [2018-02-03 18:31:02,145] - 	internalAddr : 192.168.8.230:63081
  INFO root [0x000021e0] [2018-02-03 18:31:02,146] - 	externalAddr : 192.168.8.230:20015
  INFO root [0x000021e0] [2018-02-03 18:31:02,146] - 	componentID : 7001
  INFO root [0x000021e0] [2018-02-03 18:31:03,953] - ---- baseapp Version: 1.1.0. ScriptVersion: 0.1.0. Protocol: 64744632EDB365D6F83F258B679903A8. Config: Debug X86. Built: 18:08:22 Feb  2 2018. AppID: 7001. UID: 10103. PID: 9680 ----
  INFO root [0x000021e0] [2018-02-03 18:31:03,953] - Server : Intel(R) Core(TM) i5-6300HQ CPU @ 2.30GHz with 2097151kB RAM
  INFO root [0x000021e0] [2018-02-03 18:31:03,953] - ThreadPool::createThreadPool: creating  threadpool...
  INFO root [0x000021e0] [2018-02-03 18:31:03,954] - ThreadPool::createThreadPool: successfully(2), newThreadCount=1, normalMaxThreadCount=2, maxThreadCount=8
 DEBUG root [0x000021e0] [2018-02-03 18:31:04,106] - Script::install_py_dlls(): PyInit_pyexpat
 DEBUG root [0x000021e0] [2018-02-03 18:31:04,106] - Script::install_py_dlls(): PyInit__socket
 DEBUG root [0x000021e0] [2018-02-03 18:31:04,107] - Script::install_py_dlls(): PyInit__ssl
 DEBUG root [0x000021e0] [2018-02-03 18:31:04,110] - Script::install_py_dlls(): PyInit__hashlib
 DEBUG root [0x000021e0] [2018-02-03 18:31:04,110] - Script::install_py_dlls(): PyInit_select
 DEBUG root [0x000021e0] [2018-02-03 18:31:04,111] - Script::install_py_dlls(): PyInit__ctypes
 DEBUG root [0x000021e0] [2018-02-03 18:31:04,111] - Script::install_py_dlls(): PyInit__elementtree
 DEBUG root [0x000021e0] [2018-02-03 18:31:04,163] - Script::install_py_dlls(): PyInit_unicodedata
  INFO root [0x000021e0] [2018-02-03 18:31:04,209] - Script::install(): is successfully, Python=(3.4.2 (default, Feb  2 2018, 18:08:06) [MSC v.1911 32 bit (Intel)])!
  INFO root [0x000021e0] [2018-02-03 18:31:04,209] - Script::install(): KBExtra is successfully!
 DEBUG root [0x000021e0] [2018-02-03 18:31:04,227] - loaded script:Account(1).
 DEBUG root [0x000021e0] [2018-02-03 18:31:04,230] - loaded script:Lobby(2).
 DEBUG root [0x000021e0] [2018-02-03 18:31:04,232] - loaded script:Room(3).
  INFO root [0x000021e0] [2018-02-03 18:31:04,232] - Baseapp::initializeEnd: started resmgr tick(60s)!
  INFO root [0x000021e0] [2018-02-03 18:31:04,233] - TelnetServer server is running on port 40000
  INFO root [0x000021e0] [2018-02-03 18:31:04,752] - ---- baseapp is running ----
 DEBUG root [0x000021e0] [2018-02-03 18:31:04,754] - Components::process(): Request for the process of identity...
  WARN root [0x000021e0] [2018-02-03 18:31:11,109] - EntityApp::checkTickPeriod: tick took 6356% (6.36 seconds)!
  INFO root [0x000021e0] [2018-02-03 18:31:12,140] - Components::findComponents: find logger(1)...
  INFO root [0x000021e0] [2018-02-03 18:31:12,218] - Components::findComponents: found logger, addr:192.168.8.230:63079
  INFO root [0x000021e0] [2018-02-03 18:31:12,218] - Components::addComponent: reset orderLog, uid=10103!
  INFO root [0x000021e0] [2018-02-03 18:31:12,218] - Components::addComponent[logger], uid=10103, componentID=2000, globalorderid=1, grouporderid=1, totalcount=1
  INFO root [0x000021e0] [2018-02-03 18:31:12,219] - Components::findComponents: find dbmgr(2)...
  INFO root [0x000021e0] [2018-02-03 18:31:12,324] - Components::findComponents: found dbmgr, addr:192.168.8.230:63085
  INFO root [0x000021e0] [2018-02-03 18:31:12,324] - Components::addComponent: reset orderLog, uid=10103!
  INFO root [0x000021e0] [2018-02-03 18:31:12,324] - Components::addComponent[dbmgr], uid=10103, componentID=4000, globalorderid=1, grouporderid=1, totalcount=1
  INFO root [0x000021e0] [2018-02-03 18:31:12,324] - Components::findComponents: found dbmgr, addr:192.168.8.230:63085
  WARN root [0x000021e0] [2018-02-03 18:31:13,325] - Forwarding logs to logger[192.168.8.230:63079/0/0/0]...
 ERROR root [0x000021e0] [2018-02-03 18:33:27,505] - Components::removeComponentByChannel: logger : 2000, Abnormal exit! errorno=10054
  INFO root [0x000021e0] [2018-02-03 18:33:27,545] - The following logs sent to logger failed:
  WARN root [0x000021e0] [2018-02-03 18:33:27,622] - ==> [2018-02-03 18:33:27 505] TCPPacketReceiver::processPendingEvents(192.168.8.230:63079): Throwing REASON_GENERAL_NETWORK - WSAECONNRESET
 ERROR root [0x000021e0] [2018-02-03 18:33:27,622] - ==> [2018-02-03 18:33:27 506] Components::removeComponentByChannel: logger : 2000, Abnormal exit! errorno=10054
  WARN root [0x000021e0] [2018-02-03 18:33:27,649] - TCPPacketReceiver::processPendingEvents(192.168.8.230:63085): Throwing REASON_GENERAL_NETWORK - WSAECONNRESET
 ERROR root [0x000021e0] [2018-02-03 18:33:27,650] - Components::removeComponentByChannel: dbmgr : 4000, Abnormal exit! errorno=10054
  INFO root [0x000021e0] [2018-02-03 18:33:27,720] - Shutdowner::onShutdownBegin: shutting down(period=0, tickPeriod=1)
S_INFO root [0x000021e0] [2018-02-03 18:33:27,730] - onBaseAppShutDown: state=0
  INFO root [0x000021e0] [2018-02-03 18:33:27,730] - Shutdowner::onShutdown: shutting down
S_INFO root [0x000021e0] [2018-02-03 18:33:27,730] - onBaseAppShutDown: state=1
  INFO root [0x000021e0] [2018-02-03 18:33:27,730] - Shutdowner::onShutdownEnd: shutting down
S_INFO root [0x000021e0] [2018-02-03 18:33:27,730] - onBaseAppShutDown: state=2
 DEBUG root [0x000021e0] [2018-02-03 18:33:27,984] - Lobby::~Lobby(): 2001
 DEBUG root [0x000021e0] [2018-02-03 18:33:28,035] - Script::uninstall_py_dlls(): PyInit_pyexpat
 DEBUG root [0x000021e0] [2018-02-03 18:33:28,035] - Script::uninstall_py_dlls(): PyInit__socket
 DEBUG root [0x000021e0] [2018-02-03 18:33:28,035] - Script::uninstall_py_dlls(): PyInit__ssl
 DEBUG root [0x000021e0] [2018-02-03 18:33:28,035] - Script::uninstall_py_dlls(): PyInit__hashlib
 DEBUG root [0x000021e0] [2018-02-03 18:33:28,035] - Script::uninstall_py_dlls(): PyInit_select
 DEBUG root [0x000021e0] [2018-02-03 18:33:28,036] - Script::uninstall_py_dlls(): PyInit__ctypes
 DEBUG root [0x000021e0] [2018-02-03 18:33:28,036] - Script::uninstall_py_dlls(): PyInit__elementtree
 DEBUG root [0x000021e0] [2018-02-03 18:33:28,036] - Script::uninstall_py_dlls(): PyInit_unicodedata
  INFO root [0x000021e0] [2018-02-03 18:33:28,076] - Script::uninstall(): is successfully!
 DEBUG root [0x000021e0] [2018-02-03 18:33:28,076] - ThreadPool::destroy(): starting size 2.
