  INFO root [2018-02-03 18:30:37,061] - 
  INFO root [2018-02-03 18:30:37,104] - -----------------------------------------------------------------------------------------


  INFO root [2018-02-03 18:30:37,107] - Resmgr::initialize: KBE_ROOT=E:/Ambicour/DeepSpace/ServerAssets/
  INFO root [2018-02-03 18:30:37,108] - Resmgr::initialize: KBE_RES_PATH=E:/Ambicour/DeepSpace/ServerAssets/kbe/res/;E:/Ambicour/DeepSpace/ServerAssets/assets/;E:/Ambicour/DeepSpace/ServerAssets/assets/scripts/;E:/Ambicour/DeepSpace/ServerAssets/assets/res/
  INFO root [2018-02-03 18:30:37,108] - Resmgr::initialize: KBE_BIN_PATH=E:/Ambicour/DeepSpace/ServerAssets/kbe/bin/server/
  INFO root [2018-02-03 18:30:37,216] - NetworkInterface::initialize(INTERNAL): bound to all interfaces with default route interface on 192.168.8.230 ( 192.168.8.230:63039 )
  INFO root [2018-02-03 18:30:37,216] - NetworkInterface::initialize(INTERNAL): address 192.168.8.230:63039, SOMAXCONN=5.
  INFO root [2018-02-03 18:30:37,216] - server-configs:
  INFO root [2018-02-03 18:30:37,216] - 	internalAddr : 192.168.8.230:63039
  INFO root [2018-02-03 18:30:37,217] - 	componentID : 4000
  INFO root [2018-02-03 18:30:38,723] - ---- dbmgr Version: 1.1.0. ScriptVersion: 0.1.0. Protocol: C05367DBA76FAAD0147F34F27AB759D6. Config: Debug X86. Built: 18:07:39 Feb  2 2018. AppID: 4000. UID: 10103. PID: 6460 ----
  INFO root [2018-02-03 18:30:38,741] - Server : Intel(R) Core(TM) i5-6300HQ CPU @ 2.30GHz with 2097151kB RAM
  INFO root [2018-02-03 18:30:38,741] - ThreadPool::createThreadPool: creating  threadpool...
  INFO root [2018-02-03 18:30:38,742] - ThreadPool::createThreadPool: successfully(2), newThreadCount=1, normalMaxThreadCount=2, maxThreadCount=8
 DEBUG root [2018-02-03 18:30:38,881] - Script::install_py_dlls(): PyInit_pyexpat
 DEBUG root [2018-02-03 18:30:38,881] - Script::install_py_dlls(): PyInit__socket
 DEBUG root [2018-02-03 18:30:38,881] - Script::install_py_dlls(): PyInit__ssl
 DEBUG root [2018-02-03 18:30:38,885] - Script::install_py_dlls(): PyInit__hashlib
 DEBUG root [2018-02-03 18:30:38,886] - Script::install_py_dlls(): PyInit_select
 DEBUG root [2018-02-03 18:30:38,886] - Script::install_py_dlls(): PyInit__ctypes
 DEBUG root [2018-02-03 18:30:38,886] - Script::install_py_dlls(): PyInit__elementtree
 DEBUG root [2018-02-03 18:30:38,939] - Script::install_py_dlls(): PyInit_unicodedata
  INFO root [2018-02-03 18:30:38,989] - Script::install(): is successfully, Python=(3.4.2 (default, Feb  2 2018, 18:07:25) [MSC v.1911 32 bit (Intel)])!
  INFO root [2018-02-03 18:30:38,989] - Script::install(): KBExtra is successfully!
  INFO root [2018-02-03 18:30:39,006] - Dbmgr::initializeEnd: digest(56E3DE7BE184448252F607FF0DF2D326)
S_INFO root [2018-02-03 18:30:39,007] - onDBMgrReady: bootstrapGroupIndex=0, bootstrapGlobalIndex=0
  INFO root [2018-02-03 18:30:39,007] - TelnetServer server is running on port 32000
  INFO root [2018-02-03 18:30:39,010] - Dbmgr::initInterfacesHandler: interfaces addr(127.0.0.1:30099), accountType:(interfaces), chargeType:(interfaces).
  WARN root [2018-02-03 18:30:39,276] - DBUtil::initialize: db(default) password is not encrypted!
please use password(rsa):
EC77FC0CC82EEAE45CFCE7C30AC8A882AE5AB5CECF0D50213129B47BFBCD6C6F57B3E94029BC2C4B78D83987299122356D5F0F7A1CC4270FE484A9BB64145AD1A1D3DB20916642D428F4652510C22EE69C5A5D6481720F492CF4DD88F163D949C1BB41EC2E085CC2392CB2DA303AC616820CF22ABF6B2356BD3C85FD8016545E
 DEBUG root [2018-02-03 18:30:39,279] - DBInterfaceMysql::attach: connect: localhost:3306 starting...
 DEBUG root [2018-02-03 18:30:39,447] - DBInterfaceMysql::attach: successfully! addr: localhost:3306
  INFO root [2018-02-03 18:30:39,448] - DBUtil::createInterface[0xfff098]: interface=default, dbtype=mysql, ip=localhost, port=3306, currdatabase=kbe, username=kbe, connected=yes.

  INFO root [2018-02-03 18:30:39,448] - ThreadPool::createThreadPool: creating  threadpool...
  INFO root [2018-02-03 18:30:39,448] - ThreadPool::createThreadPool: successfully(5), newThreadCount=5, normalMaxThreadCount=5, maxThreadCount=5
 DEBUG root [2018-02-03 18:30:39,448] - DBInterfaceMysql::attach: connect: localhost:3306 starting...
 DEBUG root [2018-02-03 18:30:39,450] - DBInterfaceMysql::attach: connect: localhost:3306 starting...
 DEBUG root [2018-02-03 18:30:39,451] - DBInterfaceMysql::attach: connect: localhost:3306 starting...
 DEBUG root [2018-02-03 18:30:39,452] - DBInterfaceMysql::attach: connect: localhost:3306 starting...
 DEBUG root [2018-02-03 18:30:39,453] - DBInterfaceMysql::attach: connect: localhost:3306 starting...
 DEBUG root [2018-02-03 18:30:39,466] - DBInterfaceMysql::attach: successfully! addr: localhost:3306
 DEBUG root [2018-02-03 18:30:39,466] - DBThread::onStart(): 0x49f0820!
 DEBUG root [2018-02-03 18:30:39,466] - DBInterfaceMysql::attach: successfully! addr: localhost:3306
 DEBUG root [2018-02-03 18:30:39,467] - DBThread::onStart(): 0x49efa50!
 DEBUG root [2018-02-03 18:30:39,467] - DBInterfaceMysql::attach: successfully! addr: localhost:3306
 DEBUG root [2018-02-03 18:30:39,467] - DBThread::onStart(): 0x49efe08!
 DEBUG root [2018-02-03 18:30:39,467] - DBInterfaceMysql::attach: successfully! addr: localhost:3306
 DEBUG root [2018-02-03 18:30:39,467] - DBThread::onStart(): 0x49f0028!
 DEBUG root [2018-02-03 18:30:39,496] - DBInterfaceMysql::attach: successfully! addr: localhost:3306
 DEBUG root [2018-02-03 18:30:39,496] - DBThread::onStart(): 0x49ef830!
  INFO root [2018-02-03 18:30:39,574] - DBInterfaceMysql::query: successfully!
  INFO root [2018-02-03 18:30:39,587] - DBInterfaceMysql::query: successfully!
  INFO root [2018-02-03 18:30:39,587] - DBInterfaceMysql::query: successfully!
  INFO root [2018-02-03 18:30:39,682] - DBInterfaceMysql::query: successfully!
  INFO root [2018-02-03 18:30:39,688] - DBInterfaceMysql::query: successfully!
  INFO root [2018-02-03 18:30:39,719] - DBInterfaceMysql::query: successfully!
  INFO root [2018-02-03 18:30:39,754] - DBInterfaceMysql::query: successfully!
  INFO root [2018-02-03 18:30:39,776] - DBInterfaceMysql::query: successfully!
  INFO root [2018-02-03 18:30:39,776] - DBInterfaceMysql::query: successfully!
  INFO root [2018-02-03 18:30:39,776] - DBInterfaceMysql::query: successfully!
  WARN root [2018-02-03 18:30:39,794] - dbmgr.cpp:293: Profile scriptCall took 0.79 seconds
  INFO root [2018-02-03 18:30:40,164] - ---- dbmgr is running ----
 DEBUG root [2018-02-03 18:30:40,164] - Components::process(): Request for the process of identity...
  INFO root [2018-02-03 18:30:47,506] - Components::findComponents: find logger(1)...
  INFO root [2018-02-03 18:30:47,542] - Components::findComponents: found logger, addr:192.168.8.230:63042
  INFO root [2018-02-03 18:30:47,543] - Components::addComponent: reset orderLog, uid=10103!
  INFO root [2018-02-03 18:30:47,543] - Components::addComponent[logger], uid=10103, componentID=2000, globalorderid=1, grouporderid=1, totalcount=1
  WARN root [2018-02-03 18:30:47,544] - Forwarding logs to logger[192.168.8.230:63042/0/0/0]...
 ERROR root [2018-02-03 18:30:56,824] - Components::removeComponentByChannel: logger : 2000, Abnormal exit! errorno=10054
  INFO root [2018-02-03 18:30:56,830] - The following logs sent to logger failed:
  WARN root [2018-02-03 18:30:56,830] - ==> [2018-02-03 18:30:56 823] TCPPacketReceiver::processPendingEvents(192.168.8.230:63042): Throwing REASON_GENERAL_NETWORK - WSAECONNRESET
 ERROR root [2018-02-03 18:30:56,830] - ==> [2018-02-03 18:30:56 825] Components::removeComponentByChannel: logger : 2000, Abnormal exit! errorno=10054
  INFO root [2018-02-03 18:31:02,331] - 
  INFO root [2018-02-03 18:31:02,354] - -----------------------------------------------------------------------------------------


  INFO root [2018-02-03 18:31:02,355] - Resmgr::initialize: KBE_ROOT=E:/Ambicour/DeepSpace/ServerAssets/
  INFO root [2018-02-03 18:31:02,355] - Resmgr::initialize: KBE_RES_PATH=E:/Ambicour/DeepSpace/ServerAssets/kbe/res/;E:/Ambicour/DeepSpace/ServerAssets/assets/;E:/Ambicour/DeepSpace/ServerAssets/assets/scripts/;E:/Ambicour/DeepSpace/ServerAssets/assets/res/
  INFO root [2018-02-03 18:31:02,355] - Resmgr::initialize: KBE_BIN_PATH=E:/Ambicour/DeepSpace/ServerAssets/kbe/bin/server/
  INFO root [2018-02-03 18:31:02,394] - NetworkInterface::initialize(INTERNAL): bound to all interfaces with default route interface on 192.168.8.230 ( 192.168.8.230:63085 )
  INFO root [2018-02-03 18:31:02,394] - NetworkInterface::initialize(INTERNAL): address 192.168.8.230:63085, SOMAXCONN=5.
  INFO root [2018-02-03 18:31:02,394] - server-configs:
  INFO root [2018-02-03 18:31:02,394] - 	internalAddr : 192.168.8.230:63085
  INFO root [2018-02-03 18:31:02,395] - 	componentID : 4000
  INFO root [2018-02-03 18:31:03,901] - ---- dbmgr Version: 1.1.0. ScriptVersion: 0.1.0. Protocol: C05367DBA76FAAD0147F34F27AB759D6. Config: Debug X86. Built: 18:07:39 Feb  2 2018. AppID: 4000. UID: 10103. PID: 11820 ----
  INFO root [2018-02-03 18:31:03,901] - Server : Intel(R) Core(TM) i5-6300HQ CPU @ 2.30GHz with 2097151kB RAM
  INFO root [2018-02-03 18:31:03,902] - ThreadPool::createThreadPool: creating  threadpool...
  INFO root [2018-02-03 18:31:03,903] - ThreadPool::createThreadPool: successfully(2), newThreadCount=1, normalMaxThreadCount=2, maxThreadCount=8
 DEBUG root [2018-02-03 18:31:04,039] - Script::install_py_dlls(): PyInit_pyexpat
 DEBUG root [2018-02-03 18:31:04,039] - Script::install_py_dlls(): PyInit__socket
 DEBUG root [2018-02-03 18:31:04,040] - Script::install_py_dlls(): PyInit__ssl
 DEBUG root [2018-02-03 18:31:04,043] - Script::install_py_dlls(): PyInit__hashlib
 DEBUG root [2018-02-03 18:31:04,044] - Script::install_py_dlls(): PyInit_select
 DEBUG root [2018-02-03 18:31:04,044] - Script::install_py_dlls(): PyInit__ctypes
 DEBUG root [2018-02-03 18:31:04,044] - Script::install_py_dlls(): PyInit__elementtree
 DEBUG root [2018-02-03 18:31:04,093] - Script::install_py_dlls(): PyInit_unicodedata
  INFO root [2018-02-03 18:31:04,149] - Script::install(): is successfully, Python=(3.4.2 (default, Feb  2 2018, 18:07:25) [MSC v.1911 32 bit (Intel)])!
  INFO root [2018-02-03 18:31:04,149] - Script::install(): KBExtra is successfully!
  INFO root [2018-02-03 18:31:04,162] - Dbmgr::initializeEnd: digest(56E3DE7BE184448252F607FF0DF2D326)
S_INFO root [2018-02-03 18:31:04,163] - onDBMgrReady: bootstrapGroupIndex=0, bootstrapGlobalIndex=0
  INFO root [2018-02-03 18:31:04,163] - TelnetServer server is running on port 32000
  INFO root [2018-02-03 18:31:04,174] - Dbmgr::initInterfacesHandler: interfaces addr(127.0.0.1:30099), accountType:(interfaces), chargeType:(interfaces).
  WARN root [2018-02-03 18:31:04,498] - DBUtil::initialize: db(default) password is not encrypted!
please use password(rsa):
54552A7248B10A1F7B78C7B9CBBD204B9D8015C87339083A52A4D2D80B87AD5F30E55F62F580C54F26D630FC1FD0C0BF079F8109711389D700CC7FC17C08912F3F08434112A611EC9AC0F2D288B13C7C76A9033841FEED798E6ABE91A802F32F3EE0E28EDB34384D2CC2353667FBACE45B9A247DC4D31563A8C31EDF0CD6164B
 DEBUG root [2018-02-03 18:31:04,500] - DBInterfaceMysql::attach: connect: localhost:3306 starting...
 DEBUG root [2018-02-03 18:31:04,515] - DBInterfaceMysql::attach: successfully! addr: localhost:3306
  INFO root [2018-02-03 18:31:04,515] - DBUtil::createInterface[0x10fef14]: interface=default, dbtype=mysql, ip=localhost, port=3306, currdatabase=kbe, username=kbe, connected=yes.

  INFO root [2018-02-03 18:31:04,515] - ThreadPool::createThreadPool: creating  threadpool...
  INFO root [2018-02-03 18:31:04,515] - ThreadPool::createThreadPool: successfully(5), newThreadCount=5, normalMaxThreadCount=5, maxThreadCount=5
 DEBUG root [2018-02-03 18:31:04,516] - DBInterfaceMysql::attach: connect: localhost:3306 starting...
 DEBUG root [2018-02-03 18:31:04,517] - DBInterfaceMysql::attach: connect: localhost:3306 starting...
 DEBUG root [2018-02-03 18:31:04,518] - DBInterfaceMysql::attach: connect: localhost:3306 starting...
 DEBUG root [2018-02-03 18:31:04,518] - DBInterfaceMysql::attach: connect: localhost:3306 starting...
 DEBUG root [2018-02-03 18:31:04,519] - DBInterfaceMysql::attach: connect: localhost:3306 starting...
 DEBUG root [2018-02-03 18:31:04,527] - DBInterfaceMysql::attach: successfully! addr: localhost:3306
 DEBUG root [2018-02-03 18:31:04,527] - DBThread::onStart(): 0x475dff0!
 DEBUG root [2018-02-03 18:31:04,528] - DBInterfaceMysql::attach: successfully! addr: localhost:3306
 DEBUG root [2018-02-03 18:31:04,528] - DBThread::onStart(): 0x475e7e8!
 DEBUG root [2018-02-03 18:31:04,532] - DBInterfaceMysql::attach: successfully! addr: localhost:3306
 DEBUG root [2018-02-03 18:31:04,532] - DBThread::onStart(): 0x475e430!
 DEBUG root [2018-02-03 18:31:04,570] - DBInterfaceMysql::attach: successfully! addr: localhost:3306
 DEBUG root [2018-02-03 18:31:04,570] - DBThread::onStart(): 0x475df68!
 DEBUG root [2018-02-03 18:31:04,582] - DBInterfaceMysql::attach: successfully! addr: localhost:3306
 DEBUG root [2018-02-03 18:31:04,582] - DBThread::onStart(): 0x475e6d8!
  INFO root [2018-02-03 18:31:04,635] - DBInterfaceMysql::query: successfully!
  INFO root [2018-02-03 18:31:04,650] - DBInterfaceMysql::query: successfully!
  INFO root [2018-02-03 18:31:04,651] - DBInterfaceMysql::query: successfully!
  INFO root [2018-02-03 18:31:04,658] - DBInterfaceMysql::query: successfully!
  INFO root [2018-02-03 18:31:04,754] - DBInterfaceMysql::query: successfully!
  INFO root [2018-02-03 18:31:04,771] - DBInterfaceMysql::query: successfully!
  INFO root [2018-02-03 18:31:04,784] - DBInterfaceMysql::query: successfully!
  INFO root [2018-02-03 18:31:04,785] - DBInterfaceMysql::query: successfully!
  INFO root [2018-02-03 18:31:04,785] - DBInterfaceMysql::query: successfully!
  INFO root [2018-02-03 18:31:04,785] - DBInterfaceMysql::query: successfully!
  WARN root [2018-02-03 18:31:04,820] - dbmgr.cpp:293: Profile scriptCall took 0.66 seconds
  INFO root [2018-02-03 18:31:05,215] - ---- dbmgr is running ----
 DEBUG root [2018-02-03 18:31:05,216] - Components::process(): Request for the process of identity...
  INFO root [2018-02-03 18:31:12,563] - Components::findComponents: find logger(1)...
  INFO root [2018-02-03 18:31:12,632] - Components::findComponents: found logger, addr:192.168.8.230:63079
  INFO root [2018-02-03 18:31:12,632] - Components::addComponent: reset orderLog, uid=10103!
  INFO root [2018-02-03 18:31:12,633] - Components::addComponent[logger], uid=10103, componentID=2000, globalorderid=1, grouporderid=1, totalcount=1
  WARN root [2018-02-03 18:31:12,634] - Forwarding logs to logger[192.168.8.230:63079/0/0/0]...
 ERROR root [2018-02-03 18:33:27,492] - Components::removeComponentByChannel: logger : 2000, Abnormal exit! errorno=10054
  INFO root [2018-02-03 18:33:27,576] - The following logs sent to logger failed:
  WARN root [2018-02-03 18:33:27,599] - ==> [2018-02-03 18:33:27 490] TCPPacketReceiver::processPendingEvents(192.168.8.230:63079): Throwing REASON_GENERAL_NETWORK - WSAECONNRESET
 ERROR root [2018-02-03 18:33:27,599] - ==> [2018-02-03 18:33:27 492] Components::removeComponentByChannel: logger : 2000, Abnormal exit! errorno=10054
