  INFO root [2018-02-03 18:30:37,184] - 
  INFO root [2018-02-03 18:30:37,194] - -----------------------------------------------------------------------------------------


  INFO root [2018-02-03 18:30:37,195] - Resmgr::initialize: KBE_ROOT=E:/Ambicour/DeepSpace/ServerAssets/
  INFO root [2018-02-03 18:30:37,195] - Resmgr::initialize: KBE_RES_PATH=E:/Ambicour/DeepSpace/ServerAssets/kbe/res/;E:/Ambicour/DeepSpace/ServerAssets/assets/;E:/Ambicour/DeepSpace/ServerAssets/assets/scripts/;E:/Ambicour/DeepSpace/ServerAssets/assets/res/
  INFO root [2018-02-03 18:30:37,196] - Resmgr::initialize: KBE_BIN_PATH=E:/Ambicour/DeepSpace/ServerAssets/kbe/bin/server/
  INFO root [2018-02-03 18:30:37,241] - NetworkInterface::initialize(INTERNAL): bound to all interfaces with default route interface on 192.168.8.230 ( 192.168.8.230:30099 )
  INFO root [2018-02-03 18:30:37,244] - NetworkInterface::initialize(INTERNAL): address 192.168.8.230:30099, SOMAXCONN=5.
  INFO root [2018-02-03 18:30:37,253] - ---- interfaces Version: 1.1.0. ScriptVersion: 0.1.0. Protocol: 955D149E44B7C528BCD18657E876AE68. Config: Debug X86. Built: 18:08:11 Feb  2 2018. AppID: 3000. UID: 10103. PID: 33324 ----
  INFO root [2018-02-03 18:30:37,263] - Server : Intel(R) Core(TM) i5-6300HQ CPU @ 2.30GHz with 2097151kB RAM
  INFO root [2018-02-03 18:30:37,299] - ThreadPool::createThreadPool: creating  threadpool...
  INFO root [2018-02-03 18:30:37,299] - ThreadPool::createThreadPool: successfully(2), newThreadCount=1, normalMaxThreadCount=2, maxThreadCount=8
 DEBUG root [2018-02-03 18:30:37,482] - Script::install_py_dlls(): PyInit_pyexpat
 DEBUG root [2018-02-03 18:30:37,482] - Script::install_py_dlls(): PyInit__socket
 DEBUG root [2018-02-03 18:30:37,483] - Script::install_py_dlls(): PyInit__ssl
 DEBUG root [2018-02-03 18:30:37,487] - Script::install_py_dlls(): PyInit__hashlib
 DEBUG root [2018-02-03 18:30:37,487] - Script::install_py_dlls(): PyInit_select
 DEBUG root [2018-02-03 18:30:37,487] - Script::install_py_dlls(): PyInit__ctypes
 DEBUG root [2018-02-03 18:30:37,488] - Script::install_py_dlls(): PyInit__elementtree
 DEBUG root [2018-02-03 18:30:37,536] - Script::install_py_dlls(): PyInit_unicodedata
  INFO root [2018-02-03 18:30:37,586] - Script::install(): is successfully, Python=(3.4.2 (default, Feb  2 2018, 18:08:06) [MSC v.1911 32 bit (Intel)])!
  INFO root [2018-02-03 18:30:37,586] - Script::install(): KBExtra is successfully!
S_INFO root [2018-02-03 18:30:37,600] - onInterfaceAppReady: bootstrapGroupIndex=0, bootstrapGlobalIndex=0
  INFO root [2018-02-03 18:30:37,609] - TelnetServer server is running on port 33000
  INFO root [2018-02-03 18:30:38,018] - ---- interfaces is running ----
 DEBUG root [2018-02-03 18:30:38,020] - Components::process(): Request for the process of identity...
  INFO root [2018-02-03 18:30:45,400] - Components::process(): Found all the components!
  WARN root [2018-02-03 18:30:56,976] - TCPPacketReceiver::processPendingEvents(127.0.0.1:63045): Throwing REASON_GENERAL_NETWORK - WSAECONNRESET
  INFO root [2018-02-03 18:31:02,243] - 
  INFO root [2018-02-03 18:31:02,266] - -----------------------------------------------------------------------------------------


  INFO root [2018-02-03 18:31:02,267] - Resmgr::initialize: KBE_ROOT=E:/Ambicour/DeepSpace/ServerAssets/
  INFO root [2018-02-03 18:31:02,267] - Resmgr::initialize: KBE_RES_PATH=E:/Ambicour/DeepSpace/ServerAssets/kbe/res/;E:/Ambicour/DeepSpace/ServerAssets/assets/;E:/Ambicour/DeepSpace/ServerAssets/assets/scripts/;E:/Ambicour/DeepSpace/ServerAssets/assets/res/
  INFO root [2018-02-03 18:31:02,267] - Resmgr::initialize: KBE_BIN_PATH=E:/Ambicour/DeepSpace/ServerAssets/kbe/bin/server/
  INFO root [2018-02-03 18:31:02,440] - NetworkInterface::initialize(INTERNAL): bound to all interfaces with default route interface on 192.168.8.230 ( 192.168.8.230:30099 )
  INFO root [2018-02-03 18:31:02,440] - NetworkInterface::initialize(INTERNAL): address 192.168.8.230:30099, SOMAXCONN=5.
  INFO root [2018-02-03 18:31:02,444] - ---- interfaces Version: 1.1.0. ScriptVersion: 0.1.0. Protocol: 955D149E44B7C528BCD18657E876AE68. Config: Debug X86. Built: 18:08:11 Feb  2 2018. AppID: 3000. UID: 10103. PID: 16160 ----
  INFO root [2018-02-03 18:31:02,451] - Server : Intel(R) Core(TM) i5-6300HQ CPU @ 2.30GHz with 2097151kB RAM
  INFO root [2018-02-03 18:31:02,456] - ThreadPool::createThreadPool: creating  threadpool...
  INFO root [2018-02-03 18:31:02,456] - ThreadPool::createThreadPool: successfully(2), newThreadCount=1, normalMaxThreadCount=2, maxThreadCount=8
 DEBUG root [2018-02-03 18:31:02,602] - Script::install_py_dlls(): PyInit_pyexpat
 DEBUG root [2018-02-03 18:31:02,602] - Script::install_py_dlls(): PyInit__socket
 DEBUG root [2018-02-03 18:31:02,603] - Script::install_py_dlls(): PyInit__ssl
 DEBUG root [2018-02-03 18:31:02,607] - Script::install_py_dlls(): PyInit__hashlib
 DEBUG root [2018-02-03 18:31:02,608] - Script::install_py_dlls(): PyInit_select
 DEBUG root [2018-02-03 18:31:02,608] - Script::install_py_dlls(): PyInit__ctypes
 DEBUG root [2018-02-03 18:31:02,609] - Script::install_py_dlls(): PyInit__elementtree
 DEBUG root [2018-02-03 18:31:02,659] - Script::install_py_dlls(): PyInit_unicodedata
  INFO root [2018-02-03 18:31:02,707] - Script::install(): is successfully, Python=(3.4.2 (default, Feb  2 2018, 18:08:06) [MSC v.1911 32 bit (Intel)])!
  INFO root [2018-02-03 18:31:02,707] - Script::install(): KBExtra is successfully!
S_INFO root [2018-02-03 18:31:02,721] - onInterfaceAppReady: bootstrapGroupIndex=0, bootstrapGlobalIndex=0
  INFO root [2018-02-03 18:31:02,733] - TelnetServer server is running on port 33000
  INFO root [2018-02-03 18:31:03,257] - ---- interfaces is running ----
 DEBUG root [2018-02-03 18:31:03,257] - Components::process(): Request for the process of identity...
  INFO root [2018-02-03 18:31:10,637] - Components::process(): Found all the components!
  WARN root [2018-02-03 18:33:27,644] - TCPPacketReceiver::processPendingEvents(127.0.0.1:63089): Throwing REASON_GENERAL_NETWORK - WSAECONNRESET
